<?xml version="1.0" encoding="UTF-8"?>
<testsuite name="org.hpar.ParallelJsoupTest" time="36.526" tests="2" errors="0" skipped="0" failures="1">
  <properties>
[...]
</properties>
  <testcase name="testOne" classname="org.hpar.ParallelJsoupTest" time="0.153"/>
  <testcase name="testParse" classname="org.hpar.ParallelJsoupTest" time="36.373">
    <failure type="junit.framework.AssertionFailedError">junit.framework.AssertionFailedError
	at junit.framework.Assert.fail(Assert.java:47)
	at junit.framework.Assert.assertTrue(Assert.java:20)
	at junit.framework.Assert.assertTrue(Assert.java:27)
	at org.hpar.ParallelJsoupTest.testParse(ParallelJsoupTest.java:58)
</failure>
    <system-out><![CDATA[TimeCost: 0.4046155412547835
完成的任务数：22123
峰值线程数8
开始位置:0
开始位置:100232
开始位置:100629
开始位置:102502
开始位置:108446
开始位置:151827
开始位置:154280
开始位置:158858
开始位置:159985
开始位置:173265
开始位置:174499
开始位置:177475
开始位置:179715
开始位置:180115
开始位置:182381
开始位置:202893
开始位置:203593
开始位置:206704
开始位置:212330
开始位置:214186
开始位置:215536
开始位置:225863
开始位置:227317
开始位置:230479
开始位置:232329
开始位置:236951
开始位置:243382
开始位置:245470
开始位置:251005
开始位置:257262
开始位置:283062
开始位置:314755
开始位置:316388
开始位置:327222
开始位置:372615
开始位置:424094
开始位置:424385
开始位置:425165
开始位置:427879
开始位置:430164
开始位置:437249
开始位置:439272
开始位置:444001
开始位置:444759
开始位置:447471
开始位置:448915
开始位置:450198
开始位置:451442
开始位置:452702
开始位置:453576
开始位置:454602
开始位置:455383
开始位置:456212
开始位置:457126
开始位置:457916
开始位置:458344
开始位置:466051
开始位置:466514
开始位置:472704
开始位置:477062
开始位置:480271
开始位置:480711
开始位置:484854
开始位置:487089
开始位置:489041
开始位置:497527
开始位置:528521
开始位置:528962
开始位置:529276
开始位置:529735
开始位置:530206
开始位置:530643
开始位置:535804
开始位置:539209
开始位置:543240
开始位置:544641
开始位置:590648
开始位置:616840
开始位置:628535
开始位置:631557
开始位置:631812
开始位置:632131
开始位置:637091
开始位置:684360
开始位置:684933
开始位置:690260
开始位置:697367
开始位置:700282
开始位置:708588
开始位置:735804
开始位置:736377
开始位置:737362
开始位置:741049
开始位置:744729
开始位置:749461
开始位置:754058
开始位置:758193
开始位置:762900
开始位置:787333
开始位置:788364
开始位置:791949
开始位置:805580
开始位置:809222
开始位置:817512
开始位置:822713
开始位置:827939
开始位置:838759
开始位置:839331
开始位置:839889
开始位置:840169
开始位置:841038
开始位置:843646
开始位置:853394
开始位置:890042
开始位置:890665
开始位置:941364
开始位置:944486
开始位置:944796
开始位置:945037
开始位置:945368
开始位置:948640
开始位置:952640
开始位置:956647
开始位置:960547
开始位置:963823
开始位置:967090
开始位置:970426
开始位置:973798
开始位置:977137
开始位置:980439
开始位置:994452
开始位置:994788
开始位置:995470
开始位置:996477
开始位置:1002370
开始位置:1036990
开始位置:1045789
开始位置:1046875
开始位置:1047610
开始位置:1055397
开始位置:1055917
开始位置:1056436
开始位置:1067383
开始位置:1090355
开始位置:1097163
开始位置:1104453
开始位置:1116043
开始位置:1127766
开始位置:1148855
开始位置:1149779
开始位置:1152677
开始位置:1156196
开始位置:1159431
开始位置:1162123
开始位置:1163905
开始位置:1165591
开始位置:1166121
开始位置:1166164
开始位置:1166756
]]></system-out>
  </testcase>
</testsuite>